This is XeTeX, Version 3.141592653-2.6-0.999993 (TeX Live 2021) (preloaded format=xelatex 2021.8.10)  18 OCT 2021 12:10
entering extended mode
 restricted \write18 enabled.
 %&-line parsing enabled.
**BIcenter.tex
(./BIcenter.tex
LaTeX2e <2020-10-01> patch level 4
L3 programming layer <2021-02-18> (./krantz.cls
Document Class: krantz 2005/09/16 v1.4f Standard LaTeX document class
(/usr/local/texlive/2021/texmf-dist/tex/latex/base/bk11.clo
File: bk11.clo 2020/04/10 v1.4m Standard LaTeX file (size option)
)
\trimheight=\dimen138
\trimwidth=\dimen139
\normaltextheight=\dimen140
\tempa=\dimen141
\tempdimen=\dimen142
\htrim=\dimen143
\vtrimtop=\dimen144
\vtrimbot=\dimen145
\ul@box=\box47
\ur@box=\box48
\ll@box=\box49
\lr@box=\box50
\@cipboxa=\box51
\@cipboxb=\box52
\@ciprulewidth=\dimen146
\c@part=\count175
\c@chapter=\count176
\c@section=\count177
\c@subsection=\count178
\c@subsubsection=\count179
\c@paragraph=\count180
\c@subparagraph=\count181
\secwd=\dimen147
\subsecwd=\dimen148
\subsubsecwd=\dimen149
\c@figure=\count182
\c@table=\count183
\abovecaptionskip=\skip47
\belowcaptionskip=\skip48
\c@numauthors=\count184
\section@toc@skip=\skip49
\SectionTOCWidth=\skip50
\subsection@toc@skip=\skip51
\SubSectionTOCWidth=\skip52
\subsubsection@toc@skip=\skip53
\SubSubSectionTOCWidth=\skip54
\paragraph@toc@skip=\skip55
\ParagraphTOCWidth=\skip56
\subparagraph@toc@skip=\skip57
\@AUonebox=\box53
\@AUtwobox=\box54
\@AUthreebox=\box55
\@AUfourbox=\box56
\@AUaffonebox=\box57
\@AUafftwobox=\box58
\@AUaffthreebox=\box59
\@AUafffourbox=\box60
\@finalAUboxfromone=\box61
\@finalAUboxfromtwo=\box62
\@finalAUboxfromthree=\box63
\@finalAUboxfromfour=\box64
\c@chaptocdepth=\count185
\bibindent=\dimen150
\tempbox=\box65
\nomenwidth=\dimen151
\@tablebox=\box66
\@tabletitlebox=\box67
\@tablewidth=\dimen152
\@tabletitlewidth=\dimen153
\max@tablewidth=\dimen154
\tempbox=\box68
\tempdimen=\dimen155
\tempbox=\box69
\notewidth=\dimen156
\wherebox=\box70
\wherewidth=\dimen157
\listtextleftmargin=\skip58
\listtextleftmarginii=\skip59
\listtextleftmarginiii=\skip60
\listtextrightmargin=\skip61
\listlabelleftskip=\skip62
\listlabelleftskipii=\skip63
\listlabelleftskipiii=\skip64
\abovelistskipi=\skip65
\belowlistskipi=\skip66
\abovelistskipii=\skip67
\belowlistskipii=\skip68
\abovelistskipiii=\skip69
\belowlistskipiii=\skip70
\labelsepi=\skip71
\labelsepii=\skip72
\labelsepiii=\skip73
\itemsepi=\skip74
\itemsepii=\skip75
\itemsepiii=\skip76
\enumdimwd=\dimen158
\enumdim=\dimen159
\concolwidth=\dimen160
\stempbox=\box71
) (/usr/local/texlive/2021/texmf-dist/tex/latex/amsmath/amsmath.sty
Package: amsmath 2020/09/23 v2.17i AMS math features
\@mathmargin=\skip77
For additional information on amsmath, use the `?' option.
(/usr/local/texlive/2021/texmf-dist/tex/latex/amsmath/amstext.sty
Package: amstext 2000/06/29 v2.01 AMS text
(/usr/local/texlive/2021/texmf-dist/tex/latex/amsmath/amsgen.sty
File: amsgen.sty 1999/11/30 v2.0 generic functions
\@emptytoks=\toks15
\ex@=\dimen161
)) (/usr/local/texlive/2021/texmf-dist/tex/latex/amsmath/amsbsy.sty
Package: amsbsy 1999/11/29 v1.2d Bold Symbols
\pmbraise@=\dimen162
) (/usr/local/texlive/2021/texmf-dist/tex/latex/amsmath/amsopn.sty
Package: amsopn 2016/03/08 v2.02 operator names
)
\inf@bad=\count186
LaTeX Info: Redefining \frac on input line 234.
\uproot@=\count187
\leftroot@=\count188
LaTeX Info: Redefining \overline on input line 399.
\classnum@=\count189
\DOTSCASE@=\count190
LaTeX Info: Redefining \ldots on input line 496.
LaTeX Info: Redefining \dots on input line 499.
LaTeX Info: Redefining \cdots on input line 620.
\Mathstrutbox@=\box72
\strutbox@=\box73
\big@size=\dimen163
LaTeX Font Info:    Redeclaring font encoding OML on input line 743.
LaTeX Font Info:    Redeclaring font encoding OMS on input line 744.
\macc@depth=\count191
\c@MaxMatrixCols=\count192
\dotsspace@=\muskip16
\c@parentequation=\count193
\dspbrk@lvl=\count194
\tag@help=\toks16
\row@=\count195
\column@=\count196
\maxfields@=\count197
\andhelp@=\toks17
\eqnshift@=\dimen164
\alignsep@=\dimen165
\tagshift@=\dimen166
\tagwidth@=\dimen167
\totwidth@=\dimen168
\lineht@=\dimen169
\@envbody=\toks18
\multlinegap=\skip78
\multlinetaggap=\skip79
\mathdisplay@stack=\toks19
LaTeX Info: Redefining \[ on input line 2923.
LaTeX Info: Redefining \] on input line 2924.
) (/usr/local/texlive/2021/texmf-dist/tex/latex/amsfonts/amssymb.sty
Package: amssymb 2013/01/14 v3.01 AMS font symbols
(/usr/local/texlive/2021/texmf-dist/tex/latex/amsfonts/amsfonts.sty
Package: amsfonts 2013/01/14 v3.01 Basic AMSFonts support
\symAMSa=\mathgroup4
\symAMSb=\mathgroup5
LaTeX Font Info:    Redeclaring math symbol \hbar on input line 98.
LaTeX Font Info:    Overwriting math alphabet `\mathfrak' in version `bold'
(Font)                  U/euf/m/n --> U/euf/b/n on input line 106.
)) (/usr/local/texlive/2021/texmf-dist/tex/latex/lm/lmodern.sty
Package: lmodern 2015/05/01 v1.6.1 Latin Modern Fonts
LaTeX Font Info:    Overwriting symbol font `operators' in version `normal'
(Font)                  OT1/cmr/m/n --> OT1/lmr/m/n on input line 22.
LaTeX Font Info:    Overwriting symbol font `letters' in version `normal'
(Font)                  OML/cmm/m/it --> OML/lmm/m/it on input line 23.
LaTeX Font Info:    Overwriting symbol font `symbols' in version `normal'
(Font)                  OMS/cmsy/m/n --> OMS/lmsy/m/n on input line 24.
LaTeX Font Info:    Overwriting symbol font `largesymbols' in version `normal'
(Font)                  OMX/cmex/m/n --> OMX/lmex/m/n on input line 25.
LaTeX Font Info:    Overwriting symbol font `operators' in version `bold'
(Font)                  OT1/cmr/bx/n --> OT1/lmr/bx/n on input line 26.
LaTeX Font Info:    Overwriting symbol font `letters' in version `bold'
(Font)                  OML/cmm/b/it --> OML/lmm/b/it on input line 27.
LaTeX Font Info:    Overwriting symbol font `symbols' in version `bold'
(Font)                  OMS/cmsy/b/n --> OMS/lmsy/b/n on input line 28.
LaTeX Font Info:    Overwriting symbol font `largesymbols' in version `bold'
(Font)                  OMX/cmex/m/n --> OMX/lmex/m/n on input line 29.
LaTeX Font Info:    Overwriting math alphabet `\mathbf' in version `normal'
(Font)                  OT1/cmr/bx/n --> OT1/lmr/bx/n on input line 31.
LaTeX Font Info:    Overwriting math alphabet `\mathsf' in version `normal'
(Font)                  OT1/cmss/m/n --> OT1/lmss/m/n on input line 32.
LaTeX Font Info:    Overwriting math alphabet `\mathit' in version `normal'
(Font)                  OT1/cmr/m/it --> OT1/lmr/m/it on input line 33.
LaTeX Font Info:    Overwriting math alphabet `\mathtt' in version `normal'
(Font)                  OT1/cmtt/m/n --> OT1/lmtt/m/n on input line 34.
LaTeX Font Info:    Overwriting math alphabet `\mathbf' in version `bold'
(Font)                  OT1/cmr/bx/n --> OT1/lmr/bx/n on input line 35.
LaTeX Font Info:    Overwriting math alphabet `\mathsf' in version `bold'
(Font)                  OT1/cmss/bx/n --> OT1/lmss/bx/n on input line 36.
LaTeX Font Info:    Overwriting math alphabet `\mathit' in version `bold'
(Font)                  OT1/cmr/bx/it --> OT1/lmr/bx/it on input line 37.
LaTeX Font Info:    Overwriting math alphabet `\mathtt' in version `bold'
(Font)                  OT1/cmtt/m/n --> OT1/lmtt/m/n on input line 38.
) (/usr/local/texlive/2021/texmf-dist/tex/generic/iftex/iftex.sty
Package: iftex 2020/03/06 v1.0d TeX engine tests
) (/usr/local/texlive/2021/texmf-dist/tex/latex/unicode-math/unicode-math.sty (
/usr/local/texlive/2021/texmf-dist/tex/latex/l3kernel/expl3.sty
Package: expl3 2021-02-18 L3 programming layer (loader) 
(/usr/local/texlive/2021/texmf-dist/tex/latex/l3backend/l3backend-xetex.def
File: l3backend-xetex.def 2021-03-18 L3 backend support: XeTeX
(|extractbb --version)
\c__kernel_sys_dvipdfmx_version_int=\count198
\l__color_backend_stack_int=\count199
\g__color_backend_stack_int=\count266
\g__graphics_track_int=\count267
\l__pdf_internal_box=\box74
\g__pdf_backend_object_int=\count268
\g__pdf_backend_annotation_int=\count269
\g__pdf_backend_link_int=\count270
))
Package: unicode-math 2020/01/31 v0.8q Unicode maths in XeLaTeX and LuaLaTeX

(/usr/local/texlive/2021/texmf-dist/tex/latex/unicode-math/unicode-math-xetex.s
ty
Package: unicode-math-xetex 2020/01/31 v0.8q Unicode maths in XeLaTeX and LuaLa
TeX
(/usr/local/texlive/2021/texmf-dist/tex/latex/l3packages/xparse/xparse.sty
(/usr/local/texlive/2021/texmf-dist/tex/latex/l3packages/xparse/xparse-2020-10-
01.sty
(/usr/local/texlive/2021/texmf-dist/tex/latex/l3packages/xparse/xparse-generic.
tex))) (/usr/local/texlive/2021/texmf-dist/tex/latex/l3packages/l3keys2e/l3keys
2e.sty
Package: l3keys2e 2021-03-12 LaTeX2e option processing using LaTeX3 keys
) (/usr/local/texlive/2021/texmf-dist/tex/latex/fontspec/fontspec.sty
Package: fontspec 2020/02/21 v2.7i Font selection for XeLaTeX and LuaLaTeX
(/usr/local/texlive/2021/texmf-dist/tex/latex/fontspec/fontspec-xetex.sty
Package: fontspec-xetex 2020/02/21 v2.7i Font selection for XeLaTeX and LuaLaTe
X
\l__fontspec_script_int=\count271
\l__fontspec_language_int=\count272
\l__fontspec_strnum_int=\count273
\l__fontspec_tmp_int=\count274
\l__fontspec_tmpa_int=\count275
\l__fontspec_tmpb_int=\count276
\l__fontspec_tmpc_int=\count277
\l__fontspec_em_int=\count278
\l__fontspec_emdef_int=\count279
\l__fontspec_strong_int=\count280
\l__fontspec_strongdef_int=\count281
\l__fontspec_tmpa_dim=\dimen170
\l__fontspec_tmpb_dim=\dimen171
\l__fontspec_tmpc_dim=\dimen172
(/usr/local/texlive/2021/texmf-dist/tex/latex/base/fontenc.sty
Package: fontenc 2020/08/10 v2.0s Standard LaTeX package
) (/usr/local/texlive/2021/texmf-dist/tex/latex/fontspec/fontspec.cfg))) (/usr/
local/texlive/2021/texmf-dist/tex/latex/base/fix-cm.sty
Package: fix-cm 2015/01/14 v1.1t fixes to LaTeX
(/usr/local/texlive/2021/texmf-dist/tex/latex/base/ts1enc.def
File: ts1enc.def 2001/06/05 v3.0e (jk/car/fm) Standard LaTeX file
LaTeX Font Info:    Redeclaring font encoding TS1 on input line 47.
))
\g__um_fam_int=\count282
\g__um_fonts_used_int=\count283
\l__um_primecount_int=\count284
\g__um_primekern_muskip=\muskip17

(/usr/local/texlive/2021/texmf-dist/tex/latex/unicode-math/unicode-math-table.t
ex))) (/usr/local/texlive/2021/texmf-dist/tex/latex/upquote/upquote.sty
Package: upquote 2012/04/19 v1.3 upright-quote and grave-accent glyphs in verba
tim
(/usr/local/texlive/2021/texmf-dist/tex/latex/base/textcomp.sty
Package: textcomp 2020/02/02 v2.0n Standard LaTeX package
)) (/usr/local/texlive/2021/texmf-dist/tex/latex/microtype/microtype.sty
Package: microtype 2021/03/14 v2.8c Micro-typographical refinements (RS)
(/usr/local/texlive/2021/texmf-dist/tex/latex/graphics/keyval.sty
Package: keyval 2014/10/28 v1.15 key=value parser (DPC)
\KV@toks@=\toks20
)
\MT@toks=\toks21
\MT@count=\count285
LaTeX Info: Redefining \textls on input line 790.
\MT@outer@kern=\dimen173
LaTeX Info: Redefining \textmicrotypecontext on input line 1374.
\MT@listname@count=\count286
(/usr/local/texlive/2021/texmf-dist/tex/latex/microtype/microtype-xetex.def
File: microtype-xetex.def 2021/03/14 v2.8c Definitions specific to xetex (RS)
LaTeX Info: Redefining \lsstyle on input line 254.
)
Package microtype Info: Loading configuration file microtype.cfg.
(/usr/local/texlive/2021/texmf-dist/tex/latex/microtype/microtype.cfg
File: microtype.cfg 2021/03/14 v2.8c microtype main configuration file (RS)
)) (/usr/local/texlive/2021/texmf-dist/tex/latex/parskip/parskip.sty
Package: parskip 2021-03-14 v2.0h non-zero parskip adjustments
(/usr/local/texlive/2021/texmf-dist/tex/latex/kvoptions/kvoptions.sty
Package: kvoptions 2020-10-07 v3.14 Key value format for package options (HO)
(/usr/local/texlive/2021/texmf-dist/tex/generic/ltxcmds/ltxcmds.sty
Package: ltxcmds 2020-05-10 v1.25 LaTeX kernel commands for general use (HO)
) (/usr/local/texlive/2021/texmf-dist/tex/generic/kvsetkeys/kvsetkeys.sty
Package: kvsetkeys 2019/12/15 v1.18 Key value parser (HO)
)) (/usr/local/texlive/2021/texmf-dist/tex/latex/etoolbox/etoolbox.sty
Package: etoolbox 2020/10/05 v2.5k e-TeX tools for LaTeX (JAW)
\etb@tempcnta=\count287
)) (/usr/local/texlive/2021/texmf-dist/tex/latex/xcolor/xcolor.sty
Package: xcolor 2016/05/11 v2.12 LaTeX color extensions (UK)
(/usr/local/texlive/2021/texmf-dist/tex/latex/graphics-cfg/color.cfg
File: color.cfg 2016/01/02 v1.6 sample color configuration
)
Package xcolor Info: Driver file: xetex.def on input line 225.
(/usr/local/texlive/2021/texmf-dist/tex/latex/graphics-def/xetex.def
File: xetex.def 2021/03/18 v5.0k Graphics/color driver for xetex
)
Package xcolor Info: Model `cmy' substituted by `cmy0' on input line 1348.
Package xcolor Info: Model `RGB' extended on input line 1364.
Package xcolor Info: Model `HTML' substituted by `rgb' on input line 1366.
Package xcolor Info: Model `Hsb' substituted by `hsb' on input line 1367.
Package xcolor Info: Model `tHsb' substituted by `hsb' on input line 1368.
Package xcolor Info: Model `HSB' substituted by `hsb' on input line 1369.
Package xcolor Info: Model `Gray' substituted by `gray' on input line 1370.
Package xcolor Info: Model `wave' substituted by `hsb' on input line 1371.
(/usr/local/texlive/2021/texmf-dist/tex/latex/graphics/dvipsnam.def
File: dvipsnam.def 2016/06/17 v3.0m Driver-dependent file (DPC,SPQR)
) (/usr/local/texlive/2021/texmf-dist/tex/latex/xcolor/svgnam.def
File: svgnam.def 2016/05/11 v2.12 Predefined colors according to SVG 1.1 (UK)
) (/usr/local/texlive/2021/texmf-dist/tex/latex/xcolor/x11nam.def
File: x11nam.def 2016/05/11 v2.12 Predefined colors according to Unix/X11 (UK)
)) (/usr/local/texlive/2021/texmf-dist/tex/latex/xurl/xurl.sty
Package: xurl 2020/12/30 v 0.09a modify URL breaks
(/usr/local/texlive/2021/texmf-dist/tex/latex/url/url.sty
\Urlmuskip=\muskip18
Package: url 2013/09/16  ver 3.4  Verb mode for urls, etc.
)) (/usr/local/texlive/2021/texmf-dist/tex/latex/bookmark/bookmark.sty
Package: bookmark 2020-11-06 v1.29 PDF bookmarks (HO)
(/usr/local/texlive/2021/texmf-dist/tex/latex/hyperref/hyperref.sty
Package: hyperref 2021-02-27 v7.00k Hypertext links for LaTeX
(/usr/local/texlive/2021/texmf-dist/tex/generic/pdftexcmds/pdftexcmds.sty
Package: pdftexcmds 2020-06-27 v0.33 Utility functions of pdfTeX for LuaTeX (HO
)
(/usr/local/texlive/2021/texmf-dist/tex/generic/infwarerr/infwarerr.sty
Package: infwarerr 2019/12/03 v1.5 Providing info/warning/error messages (HO)
)
Package pdftexcmds Info: \pdf@primitive is available.
Package pdftexcmds Info: \pdf@ifprimitive is available.
Package pdftexcmds Info: \pdfdraftmode not found.
) (/usr/local/texlive/2021/texmf-dist/tex/generic/kvdefinekeys/kvdefinekeys.sty
Package: kvdefinekeys 2019-12-19 v1.6 Define keys (HO)
) (/usr/local/texlive/2021/texmf-dist/tex/generic/pdfescape/pdfescape.sty
Package: pdfescape 2019/12/09 v1.15 Implements pdfTeX's escape features (HO)
) (/usr/local/texlive/2021/texmf-dist/tex/latex/hycolor/hycolor.sty
Package: hycolor 2020-01-27 v1.10 Color options for hyperref/bookmark (HO)
) (/usr/local/texlive/2021/texmf-dist/tex/latex/letltxmacro/letltxmacro.sty
Package: letltxmacro 2019/12/03 v1.6 Let assignment for LaTeX macros (HO)
) (/usr/local/texlive/2021/texmf-dist/tex/latex/auxhook/auxhook.sty
Package: auxhook 2019-12-17 v1.6 Hooks for auxiliary files (HO)
)
\@linkdim=\dimen174
\Hy@linkcounter=\count288
\Hy@pagecounter=\count289
(/usr/local/texlive/2021/texmf-dist/tex/latex/hyperref/pd1enc.def
File: pd1enc.def 2021-02-27 v7.00k Hyperref: PDFDocEncoding definition (HO)
)
(/usr/local/texlive/2021/texmf-dist/tex/latex/hyperref/hyperref-langpatches.def
File: hyperref-langpatches.def 2021-02-27 v7.00k Hyperref: patches for babel la
nguages
) (/usr/local/texlive/2021/texmf-dist/tex/generic/intcalc/intcalc.sty
Package: intcalc 2019/12/15 v1.3 Expandable calculations with integers (HO)
) (/usr/local/texlive/2021/texmf-dist/tex/generic/etexcmds/etexcmds.sty
Package: etexcmds 2019/12/15 v1.7 Avoid name clashes with e-TeX commands (HO)
)
\Hy@SavedSpaceFactor=\count290
(/usr/local/texlive/2021/texmf-dist/tex/latex/hyperref/puenc.def
File: puenc.def 2021-02-27 v7.00k Hyperref: PDF Unicode definition (HO)
)
Package hyperref Info: Option `unicode' set `true' on input line 4073.
Package hyperref Info: Hyper figures OFF on input line 4192.
Package hyperref Info: Link nesting OFF on input line 4197.
Package hyperref Info: Hyper index ON on input line 4200.
Package hyperref Info: Plain pages OFF on input line 4207.
Package hyperref Info: Backreferencing OFF on input line 4212.
Package hyperref Info: Implicit mode ON; LaTeX internals redefined.
Package hyperref Info: Bookmarks ON on input line 4445.
\c@Hy@tempcnt=\count291
LaTeX Info: Redefining \url on input line 4804.
\XeTeXLinkMargin=\dimen175
(/usr/local/texlive/2021/texmf-dist/tex/generic/bitset/bitset.sty
Package: bitset 2019/12/09 v1.3 Handle bit-vector datatype (HO)
(/usr/local/texlive/2021/texmf-dist/tex/generic/bigintcalc/bigintcalc.sty
Package: bigintcalc 2019/12/15 v1.5 Expandable calculations on big integers (HO
)
))
\Fld@menulength=\count292
\Field@Width=\dimen176
\Fld@charsize=\dimen177
Package hyperref Info: Hyper figures OFF on input line 6075.
Package hyperref Info: Link nesting OFF on input line 6080.
Package hyperref Info: Hyper index ON on input line 6083.
Package hyperref Info: backreferencing OFF on input line 6090.
Package hyperref Info: Link coloring OFF on input line 6095.
Package hyperref Info: Link coloring with OCG OFF on input line 6100.
Package hyperref Info: PDF/A mode OFF on input line 6105.
LaTeX Info: Redefining \ref on input line 6145.
LaTeX Info: Redefining \pageref on input line 6149.
(/usr/local/texlive/2021/texmf-dist/tex/latex/base/atbegshi-ltx.sty
Package: atbegshi-ltx 2020/08/17 v1.0a Emulation of the original atbegshi packa
ge
with kernel methods
)
\Hy@abspage=\count293
\c@Item=\count294
\c@Hfootnote=\count295
)
Package hyperref Info: Driver (autodetected): hxetex.
(/usr/local/texlive/2021/texmf-dist/tex/latex/hyperref/hxetex.def
File: hxetex.def 2021-02-27 v7.00k Hyperref driver for XeTeX
(/usr/local/texlive/2021/texmf-dist/tex/generic/stringenc/stringenc.sty
Package: stringenc 2019/11/29 v1.12 Convert strings between diff. encodings (HO
)
)
\pdfm@box=\box75
\c@Hy@AnnotLevel=\count296
\HyField@AnnotCount=\count297
\Fld@listcount=\count298
\c@bookmark@seq@number=\count299

(/usr/local/texlive/2021/texmf-dist/tex/latex/rerunfilecheck/rerunfilecheck.sty
Package: rerunfilecheck 2019/12/05 v1.9 Rerun checks for auxiliary files (HO)
(/usr/local/texlive/2021/texmf-dist/tex/latex/base/atveryend-ltx.sty
Package: atveryend-ltx 2020/08/19 v1.0a Emulation of the original atvery packag
e
with kernel methods
)
(/usr/local/texlive/2021/texmf-dist/tex/generic/uniquecounter/uniquecounter.sty
Package: uniquecounter 2019/12/15 v1.4 Provide unlimited unique counter (HO)
)
Package uniquecounter Info: New unique counter `rerunfilecheck' on input line 2
86.
)
\Hy@SectionHShift=\skip80
) (/usr/local/texlive/2021/texmf-dist/tex/latex/bookmark/bkm-dvipdfm.def
File: bkm-dvipdfm.def 2020-11-06 v1.29 bookmark driver for dvipdfm (HO)
\BKM@id=\count300
))
Package hyperref Info: Option `colorlinks' set `true' on input line 48.
(/usr/local/texlive/2021/texmf-dist/tex/latex/fancyvrb/fancyvrb.sty
Package: fancyvrb 2021/01/20 v3.7 verbatim text (tvz,hv)
\FV@CodeLineNo=\count301
\FV@InFile=\read2
\FV@TabBox=\box76
\c@FancyVerbLine=\count302
\FV@StepNumber=\count303
\FV@OutFile=\write3
) (/usr/local/texlive/2021/texmf-dist/tex/latex/framed/framed.sty
Package: framed 2011/10/22 v 0.96: framed or shaded text with page breaks
\OuterFrameSep=\skip81
\fb@frw=\dimen178
\fb@frh=\dimen179
\FrameRule=\dimen180
\FrameSep=\dimen181
) (/usr/local/texlive/2021/texmf-dist/tex/latex/tools/longtable.sty
Package: longtable 2020/01/07 v4.13 Multi-page Table package (DPC)
\LTleft=\skip82
\LTright=\skip83
\LTpre=\skip84
\LTpost=\skip85
\LTchunksize=\count304
\LTcapwidth=\dimen182
\LT@head=\box77
\LT@firsthead=\box78
\LT@foot=\box79
\LT@lastfoot=\box80
\LT@cols=\count305
\LT@rows=\count306
\c@LT@tables=\count307
\c@LT@chunks=\count308
\LT@p@ftn=\toks22
) (/usr/local/texlive/2021/texmf-dist/tex/latex/booktabs/booktabs.sty
Package: booktabs 2020/01/12 v1.61803398 Publication quality tables
\heavyrulewidth=\dimen183
\lightrulewidth=\dimen184
\cmidrulewidth=\dimen185
\belowrulesep=\dimen186
\belowbottomsep=\dimen187
\aboverulesep=\dimen188
\abovetopsep=\dimen189
\cmidrulesep=\dimen190
\cmidrulekern=\dimen191
\defaultaddspace=\dimen192
\@cmidla=\count309
\@cmidlb=\count310
\@aboverulesep=\dimen193
\@belowrulesep=\dimen194
\@thisruleclass=\count311
\@lastruleclass=\count312
\@thisrulewidth=\dimen195
) (/usr/local/texlive/2021/texmf-dist/tex/latex/tools/array.sty
Package: array 2020/10/01 v2.5c Tabular extension package (FMi)
\col@sep=\dimen196
\ar@mcellbox=\box81
\extrarowheight=\dimen197
\NC@list=\toks23
\extratabsurround=\skip86
\backup@length=\skip87
\ar@cellbox=\box82
) (/usr/local/texlive/2021/texmf-dist/tex/latex/tools/calc.sty
Package: calc 2017/05/25 v4.3 Infix arithmetic (KKT,FJ)
\calc@Acount=\count313
\calc@Bcount=\count314
\calc@Adimen=\dimen198
\calc@Bdimen=\dimen199
\calc@Askip=\skip88
\calc@Bskip=\skip89
LaTeX Info: Redefining \setlength on input line 80.
LaTeX Info: Redefining \addtolength on input line 81.
\calc@Ccount=\count315
\calc@Cskip=\skip90
) (/usr/local/texlive/2021/texmf-dist/tex/latex/footnotehyper/footnotehyper.sty
Package: footnotehyper 2021/02/04 v1.1d hyperref aware footnote.sty (JFB)
\FNH@notes=\box83
\FNH@width=\dimen256
\FNH@toks=\toks24
) (/usr/local/texlive/2021/texmf-dist/tex/latex/graphics/graphicx.sty
Package: graphicx 2020/09/09 v1.2b Enhanced LaTeX Graphics (DPC,SPQR)
(/usr/local/texlive/2021/texmf-dist/tex/latex/graphics/graphics.sty
Package: graphics 2020/08/30 v1.4c Standard LaTeX Graphics (DPC,SPQR)
(/usr/local/texlive/2021/texmf-dist/tex/latex/graphics/trig.sty
Package: trig 2016/01/03 v1.10 sin cos tan (DPC)
) (/usr/local/texlive/2021/texmf-dist/tex/latex/graphics-cfg/graphics.cfg
File: graphics.cfg 2016/06/04 v1.11 sample graphics configuration
)
Package graphics Info: Driver file: xetex.def on input line 105.
)
\Gin@req@height=\dimen257
\Gin@req@width=\dimen258
) (/usr/local/texlive/2021/texmf-dist/tex/latex/caption/caption.sty
Package: caption 2020/10/26 v3.5g Customizing captions (AR)
(/usr/local/texlive/2021/texmf-dist/tex/latex/caption/caption3.sty
Package: caption3 2020/10/21 v2.2e caption3 kernel (AR)
\captionmargin=\dimen259
\captionmargin@=\dimen260
\captionwidth=\dimen261
\caption@tempdima=\dimen262
\caption@indent=\dimen263
\caption@parindent=\dimen264
\caption@hangindent=\dimen265
Package caption Info: Unknown document class (or package),
(caption)             standard defaults will be used.
Package caption Info: \@makecaption = \long macro:#1#2->\vskip \abovecaptionski
p \sbox \@tempboxa {#1: #2}\ifdim \wd \@tempboxa >\hsize {\FigCapFont #1} #2\pa
r \else \global \@minipagefalse {\FigCapFont #1} #2\par \fi \vskip \belowcaptio
nskip  on input line 1139.
)

Package caption Warning: Unknown document class (or package),
(caption)                standard defaults will be used.
See the caption package documentation for explanation.

\c@caption@flags=\count316
\c@continuedfloat=\count317
Package caption Info: hyperref package is loaded.
Package caption Info: longtable package is loaded.
(/usr/local/texlive/2021/texmf-dist/tex/latex/caption/ltcaption.sty
Package: ltcaption 2020/05/30 v1.4b longtable captions (AR)
)) (/usr/local/texlive/2021/texmf-dist/tex/latex/base/makeidx.sty
Package: makeidx 2014/09/29 v1.0m Standard LaTeX package
)
\@indexfile=\write4
\openout4 = `BIcenter.idx'.

Writing index file BIcenter.idx
(/usr/local/texlive/2021/texmf-dist/tex/latex/amscls/amsthm.sty
Package: amsthm 2020/05/29 v2.20.6
\thm@style=\toks25
\thm@bodyfont=\toks26
\thm@headfont=\toks27
\thm@notefont=\toks28
\thm@headpunct=\toks29
\thm@preskip=\skip91
\thm@postskip=\skip92
\thm@headsep=\skip93
\dth@everypar=\toks30
) (/usr/local/texlive/2021/texmf-dist/tex/latex/natbib/natbib.sty
Package: natbib 2010/09/13 8.31b (PWD, AO)
\bibhang=\skip94
\bibsep=\skip95
LaTeX Info: Redefining \cite on input line 694.
\c@NAT@ctr=\count318
) (./BIcenter.aux

LaTeX Warning: Label `fig:example' multiply defined.


LaTeX Warning: Label `fig:components' multiply defined.


LaTeX Warning: Label `fig:navbar' multiply defined.

)
\openout1 = `BIcenter.aux'.

LaTeX Font Info:    Checking defaults for OML/cmm/m/it on input line 171.
LaTeX Font Info:    ... okay on input line 171.
LaTeX Font Info:    Checking defaults for OMS/cmsy/m/n on input line 171.
LaTeX Font Info:    ... okay on input line 171.
LaTeX Font Info:    Checking defaults for OT1/cmr/m/n on input line 171.
LaTeX Font Info:    ... okay on input line 171.
LaTeX Font Info:    Checking defaults for T1/cmr/m/n on input line 171.
LaTeX Font Info:    ... okay on input line 171.
LaTeX Font Info:    Checking defaults for TS1/cmr/m/n on input line 171.
LaTeX Font Info:    ... okay on input line 171.
LaTeX Font Info:    Checking defaults for TU/lmr/m/n on input line 171.
LaTeX Font Info:    ... okay on input line 171.
LaTeX Font Info:    Checking defaults for OMX/cmex/m/n on input line 171.
LaTeX Font Info:    ... okay on input line 171.
LaTeX Font Info:    Checking defaults for U/cmr/m/n on input line 171.
LaTeX Font Info:    ... okay on input line 171.
LaTeX Font Info:    Checking defaults for PD1/pdf/m/n on input line 171.
LaTeX Font Info:    ... okay on input line 171.
LaTeX Font Info:    Checking defaults for PU/pdf/m/n on input line 171.
LaTeX Font Info:    ... okay on input line 171.
LaTeX Font Info:    Overwriting math alphabet `\mathrm' in version `normal'
(Font)                  OT1/lmr/m/n --> TU/lmr/m/n on input line 171.
LaTeX Font Info:    Overwriting math alphabet `\mathit' in version `normal'
(Font)                  OT1/lmr/m/it --> TU/lmr/m/it on input line 171.
LaTeX Font Info:    Overwriting math alphabet `\mathbf' in version `normal'
(Font)                  OT1/lmr/bx/n --> TU/lmr/bx/n on input line 171.
LaTeX Font Info:    Overwriting math alphabet `\mathsf' in version `normal'
(Font)                  OT1/lmss/m/n --> TU/lmss/m/n on input line 171.
LaTeX Font Info:    Overwriting math alphabet `\mathsf' in version `bold'
(Font)                  OT1/lmss/bx/n --> TU/lmss/bx/n on input line 171.
LaTeX Font Info:    Overwriting math alphabet `\mathtt' in version `normal'
(Font)                  OT1/lmtt/m/n --> TU/lmtt/m/n on input line 171.
LaTeX Font Info:    Overwriting math alphabet `\mathtt' in version `bold'
(Font)                  OT1/lmtt/m/n --> TU/lmtt/bx/n on input line 171.
LaTeX Font Info:    Calculating math sizes for size <11> on input line 171.

Package fontspec Info: latinmodern-math scale = 0.9999967815337278.


Package fontspec Info: latinmodern-math scale = 0.9999967815337278.


Package fontspec Info: latinmodern-math scale = 0.9999967815337278.


Package fontspec Info: Font family 'latinmodern-math.otf(0)' created for font
(fontspec)             'latinmodern-math.otf' with options
(fontspec)             [Scale=MatchLowercase,BoldItalicFont={},ItalicFont={},Sm
allCapsFont={},Script=Math,BoldFont={latinmodern-math.otf}].
(fontspec)              
(fontspec)              This font family consists of the following NFSS
(fontspec)             series/shapes:
(fontspec)              
(fontspec)             - 'normal' (m/n) with NFSS spec.:
(fontspec)             <->s*[0.9999967815337278]"[latinmodern-math.otf]/OT:scri
pt=math;language=dflt;"
(fontspec)             - 'small caps'  (m/sc) with NFSS spec.: 
(fontspec)             - 'bold' (b/n) with NFSS spec.:
(fontspec)             <->s*[0.9999967815337278]"[latinmodern-math.otf]/OT:scri
pt=math;language=dflt;"
(fontspec)             - 'bold small caps'  (b/sc) with NFSS spec.: 

LaTeX Font Info:    Font shape `TU/latinmodern-math.otf(0)/m/n' will be
(Font)              scaled to size 11.0pt on input line 171.

Package fontspec Info: latinmodern-math scale = 0.9999967815337278.


Package fontspec Info: latinmodern-math scale = 0.9999967815337278.


Package fontspec Info: latinmodern-math scale = 0.9999967815337278.


Package fontspec Info: latinmodern-math scale = 0.9999967815337278.


Package fontspec Info: latinmodern-math scale = 0.9999967815337278.


Package fontspec Info: Font family 'latinmodern-math.otf(1)' created for font
(fontspec)             'latinmodern-math.otf' with options
(fontspec)             [Scale=MatchLowercase,BoldItalicFont={},ItalicFont={},Sm
allCapsFont={},Script=Math,SizeFeatures={{Size=9.35-},{Size=6.6-9.35,Font=latin
modern-math.otf,Style=MathScript},{Size=-6.6,Font=latinmodern-math.otf,Style=Ma
thScriptScript}},BoldFont={latinmodern-math.otf}].
(fontspec)              
(fontspec)              This font family consists of the following NFSS
(fontspec)             series/shapes:
(fontspec)              
(fontspec)             - 'normal' (m/n) with NFSS spec.:
(fontspec)             <9.35->s*[0.9999967815337278]"[latinmodern-math.otf]/OT:
script=math;language=dflt;"<6.6-9.35>s*[0.9999967815337278]"[latinmodern-math.o
tf]/OT:script=math;language=dflt;+ssty=0;"<-6.6>s*[0.9999967815337278]"[latinmo
dern-math.otf]/OT:script=math;language=dflt;+ssty=1;"
(fontspec)             - 'small caps'  (m/sc) with NFSS spec.: 
(fontspec)             - 'bold' (b/n) with NFSS spec.:
(fontspec)             <->s*[0.9999967815337278]"[latinmodern-math.otf]/OT:scri
pt=math;language=dflt;"
(fontspec)             - 'bold small caps'  (b/sc) with NFSS spec.: 

LaTeX Font Info:    Font shape `TU/latinmodern-math.otf(1)/m/n' will be
(Font)              scaled to size 11.0pt on input line 171.
LaTeX Font Info:    Encoding `OT1' has changed to `TU' for symbol font
(Font)              `operators' in the math version `normal' on input line 171.

LaTeX Font Info:    Overwriting symbol font `operators' in version `normal'
(Font)                  OT1/lmr/m/n --> TU/latinmodern-math.otf(1)/m/n on input
 line 171.
LaTeX Font Info:    Encoding `OT1' has changed to `TU' for symbol font
(Font)              `operators' in the math version `bold' on input line 171.
LaTeX Font Info:    Overwriting symbol font `operators' in version `bold'
(Font)                  OT1/lmr/bx/n --> TU/latinmodern-math.otf(1)/b/n on inpu
t line 171.

Package fontspec Info: latinmodern-math scale = 0.9999967815337278.


Package fontspec Info: latinmodern-math scale = 1.000096781211881.


Package fontspec Info: latinmodern-math scale = 0.9999967815337278.


Package fontspec Info: latinmodern-math scale = 1.000096781211881.


Package fontspec Info: latinmodern-math scale = 0.9999967815337278.


Package fontspec Info: latinmodern-math scale = 1.000096781211881.


Package fontspec Info: latinmodern-math scale = 0.9999967815337278.


Package fontspec Info: latinmodern-math scale = 1.000096781211881.


Package fontspec Info: latinmodern-math scale = 0.9999967815337278.


Package fontspec Info: latinmodern-math scale = 1.000096781211881.


Package fontspec Info: Font family 'latinmodern-math.otf(2)' created for font
(fontspec)             'latinmodern-math.otf' with options
(fontspec)             [Scale=MatchLowercase,BoldItalicFont={},ItalicFont={},Sm
allCapsFont={},Script=Math,SizeFeatures={{Size=9.35-},{Size=6.6-9.35,Font=latin
modern-math.otf,Style=MathScript},{Size=-6.6,Font=latinmodern-math.otf,Style=Ma
thScriptScript}},BoldFont={latinmodern-math.otf},ScaleAgain=1.0001,FontAdjustme
nt={\fontdimen
(fontspec)             8\font =7.447pt\relax \fontdimen 9\font =4.334pt\relax
(fontspec)             \fontdimen 10\font =4.884pt\relax \fontdimen 11\font
(fontspec)             =7.546pt\relax \fontdimen 12\font =3.795pt\relax
(fontspec)             \fontdimen 13\font =3.993pt\relax \fontdimen 14\font
(fontspec)             =3.993pt\relax \fontdimen 15\font =3.179pt\relax
(fontspec)             \fontdimen 16\font =2.717pt\relax \fontdimen 17\font
(fontspec)             =2.717pt\relax \fontdimen 18\font =2.75pt\relax
(fontspec)             \fontdimen 19\font =2.2pt\relax \fontdimen 22\font
(fontspec)             =2.75pt\relax \fontdimen 20\font =0pt\relax \fontdimen
(fontspec)             21\font =0pt\relax }].
(fontspec)              
(fontspec)              This font family consists of the following NFSS
(fontspec)             series/shapes:
(fontspec)              
(fontspec)             - 'normal' (m/n) with NFSS spec.:
(fontspec)             <9.35->s*[1.000096781211881]"[latinmodern-math.otf]/OT:s
cript=math;language=dflt;"<6.6-9.35>s*[1.000096781211881]"[latinmodern-math.otf
]/OT:script=math;language=dflt;+ssty=0;"<-6.6>s*[1.000096781211881]"[latinmoder
n-math.otf]/OT:script=math;language=dflt;+ssty=1;"
(fontspec)             - 'small caps'  (m/sc) with NFSS spec.: 
(fontspec)             and font adjustment code:
(fontspec)             \fontdimen 8\font =7.447pt\relax \fontdimen 9\font
(fontspec)             =4.334pt\relax \fontdimen 10\font =4.884pt\relax
(fontspec)             \fontdimen 11\font =7.546pt\relax \fontdimen 12\font
(fontspec)             =3.795pt\relax \fontdimen 13\font =3.993pt\relax
(fontspec)             \fontdimen 14\font =3.993pt\relax \fontdimen 15\font
(fontspec)             =3.179pt\relax \fontdimen 16\font =2.717pt\relax
(fontspec)             \fontdimen 17\font =2.717pt\relax \fontdimen 18\font
(fontspec)             =2.75pt\relax \fontdimen 19\font =2.2pt\relax
(fontspec)             \fontdimen 22\font =2.75pt\relax \fontdimen 20\font
(fontspec)             =0pt\relax \fontdimen 21\font =0pt\relax 
(fontspec)             - 'bold' (b/n) with NFSS spec.:
(fontspec)             <->s*[1.000096781211881]"[latinmodern-math.otf]/OT:scrip
t=math;language=dflt;"
(fontspec)             - 'bold small caps'  (b/sc) with NFSS spec.: 
(fontspec)             and font adjustment code:
(fontspec)             \fontdimen 8\font =7.447pt\relax \fontdimen 9\font
(fontspec)             =4.334pt\relax \fontdimen 10\font =4.884pt\relax
(fontspec)             \fontdimen 11\font =7.546pt\relax \fontdimen 12\font
(fontspec)             =3.795pt\relax \fontdimen 13\font =3.993pt\relax
(fontspec)             \fontdimen 14\font =3.993pt\relax \fontdimen 15\font
(fontspec)             =3.179pt\relax \fontdimen 16\font =2.717pt\relax
(fontspec)             \fontdimen 17\font =2.717pt\relax \fontdimen 18\font
(fontspec)             =2.75pt\relax \fontdimen 19\font =2.2pt\relax
(fontspec)             \fontdimen 22\font =2.75pt\relax \fontdimen 20\font
(fontspec)             =0pt\relax \fontdimen 21\font =0pt\relax 

LaTeX Font Info:    Encoding `OMS' has changed to `TU' for symbol font
(Font)              `symbols' in the math version `normal' on input line 171.
LaTeX Font Info:    Overwriting symbol font `symbols' in version `normal'
(Font)                  OMS/lmsy/m/n --> TU/latinmodern-math.otf(2)/m/n on inpu
t line 171.
LaTeX Font Info:    Encoding `OMS' has changed to `TU' for symbol font
(Font)              `symbols' in the math version `bold' on input line 171.
LaTeX Font Info:    Overwriting symbol font `symbols' in version `bold'
(Font)                  OMS/lmsy/b/n --> TU/latinmodern-math.otf(2)/b/n on inpu
t line 171.

Package fontspec Info: latinmodern-math scale = 0.9999967815337278.


Package fontspec Info: latinmodern-math scale = 0.9998967818555744.


Package fontspec Info: latinmodern-math scale = 0.9999967815337278.


Package fontspec Info: latinmodern-math scale = 0.9998967818555744.


Package fontspec Info: latinmodern-math scale = 0.9999967815337278.


Package fontspec Info: latinmodern-math scale = 0.9998967818555744.


Package fontspec Info: latinmodern-math scale = 0.9999967815337278.


Package fontspec Info: latinmodern-math scale = 0.9998967818555744.


Package fontspec Info: latinmodern-math scale = 0.9999967815337278.


Package fontspec Info: latinmodern-math scale = 0.9998967818555744.


Package fontspec Info: Font family 'latinmodern-math.otf(3)' created for font
(fontspec)             'latinmodern-math.otf' with options
(fontspec)             [Scale=MatchLowercase,BoldItalicFont={},ItalicFont={},Sm
allCapsFont={},Script=Math,SizeFeatures={{Size=9.35-},{Size=6.6-9.35,Font=latin
modern-math.otf,Style=MathScript},{Size=-6.6,Font=latinmodern-math.otf,Style=Ma
thScriptScript}},BoldFont={latinmodern-math.otf},ScaleAgain=0.9999,FontAdjustme
nt={\fontdimen
(fontspec)             8\font =0.44pt\relax \fontdimen 9\font =2.2pt\relax
(fontspec)             \fontdimen 10\font =1.837pt\relax \fontdimen 11\font
(fontspec)             =1.221pt\relax \fontdimen 12\font =6.6pt\relax
(fontspec)             \fontdimen 13\font =0pt\relax }].
(fontspec)              
(fontspec)              This font family consists of the following NFSS
(fontspec)             series/shapes:
(fontspec)              
(fontspec)             - 'normal' (m/n) with NFSS spec.:
(fontspec)             <9.35->s*[0.9998967818555744]"[latinmodern-math.otf]/OT:
script=math;language=dflt;"<6.6-9.35>s*[0.9998967818555744]"[latinmodern-math.o
tf]/OT:script=math;language=dflt;+ssty=0;"<-6.6>s*[0.9998967818555744]"[latinmo
dern-math.otf]/OT:script=math;language=dflt;+ssty=1;"
(fontspec)             - 'small caps'  (m/sc) with NFSS spec.: 
(fontspec)             and font adjustment code:
(fontspec)             \fontdimen 8\font =0.44pt\relax \fontdimen 9\font
(fontspec)             =2.2pt\relax \fontdimen 10\font =1.837pt\relax
(fontspec)             \fontdimen 11\font =1.221pt\relax \fontdimen 12\font
(fontspec)             =6.6pt\relax \fontdimen 13\font =0pt\relax 
(fontspec)             - 'bold' (b/n) with NFSS spec.:
(fontspec)             <->s*[0.9998967818555744]"[latinmodern-math.otf]/OT:scri
pt=math;language=dflt;"
(fontspec)             - 'bold small caps'  (b/sc) with NFSS spec.: 
(fontspec)             and font adjustment code:
(fontspec)             \fontdimen 8\font =0.44pt\relax \fontdimen 9\font
(fontspec)             =2.2pt\relax \fontdimen 10\font =1.837pt\relax
(fontspec)             \fontdimen 11\font =1.221pt\relax \fontdimen 12\font
(fontspec)             =6.6pt\relax \fontdimen 13\font =0pt\relax 

LaTeX Font Info:    Encoding `OMX' has changed to `TU' for symbol font
(Font)              `largesymbols' in the math version `normal' on input line 1
71.
LaTeX Font Info:    Overwriting symbol font `largesymbols' in version `normal'
(Font)                  OMX/lmex/m/n --> TU/latinmodern-math.otf(3)/m/n on inpu
t line 171.
LaTeX Font Info:    Encoding `OMX' has changed to `TU' for symbol font
(Font)              `largesymbols' in the math version `bold' on input line 171
.
LaTeX Font Info:    Overwriting symbol font `largesymbols' in version `bold'
(Font)                  OMX/lmex/m/n --> TU/latinmodern-math.otf(3)/b/n on inpu
t line 171.
LaTeX Info: Redefining \microtypecontext on input line 171.
Package microtype Info: Character protrusion enabled (level 2).
Package microtype Info: Using protrusion set `basicmath'.
Package microtype Info: No adjustment of tracking.
Package microtype Info: No adjustment of spacing.
Package microtype Info: No adjustment of kerning.

(/usr/local/texlive/2021/texmf-dist/tex/latex/microtype/mt-LatinModernRoman.cfg
File: mt-LatinModernRoman.cfg 2021/02/21 v1.1 microtype config. file: Latin Mod
ern Roman (RS)
)
Package hyperref Info: Link coloring ON on input line 171.
(/usr/local/texlive/2021/texmf-dist/tex/latex/hyperref/nameref.sty
Package: nameref 2021-04-02 v2.47 Cross-referencing by name of section
(/usr/local/texlive/2021/texmf-dist/tex/latex/refcount/refcount.sty
Package: refcount 2019/12/15 v3.6 Data extraction from label references (HO)
)
(/usr/local/texlive/2021/texmf-dist/tex/generic/gettitlestring/gettitlestring.s
ty
Package: gettitlestring 2019/12/15 v1.6 Cleanup title references (HO)
)
\c@section@level=\count319
)
LaTeX Info: Redefining \ref on input line 171.
LaTeX Info: Redefining \pageref on input line 171.
LaTeX Info: Redefining \nameref on input line 171.
Package caption Info: Begin \AtBeginDocument code.
Package caption Info: End \AtBeginDocument code.

Underfull \vbox (badness 10000) has occurred while \output is active []


Overfull \hbox (336.25pt too wide) has occurred while \output is active
[]
 []


Underfull \vbox (badness 10000) has occurred while \output is active []


Overfull \hbox (336.25pt too wide) has occurred while \output is active
[]
 []


Underfull \vbox (badness 10000) has occurred while \output is active []


Overfull \hbox (336.25pt too wide) has occurred while \output is active
[]
 []


Underfull \vbox (badness 10000) has occurred while \output is active []


Overfull \hbox (336.25pt too wide) has occurred while \output is active
[]
 []


Underfull \hbox (badness 10000) has occurred while \output is active
 [][][][] 
 []

[1



]
Underfull \vbox (badness 10000) has occurred while \output is active []


Overfull \hbox (336.25pt too wide) has occurred while \output is active
[]
 []


Underfull \vbox (badness 10000) has occurred while \output is active []


Overfull \hbox (336.25pt too wide) has occurred while \output is active
[]
 []


Underfull \vbox (badness 10000) has occurred while \output is active []


Overfull \hbox (336.25pt too wide) has occurred while \output is active
[]
 []


Underfull \vbox (badness 10000) has occurred while \output is active []


Overfull \hbox (336.25pt too wide) has occurred while \output is active
[]
 []


Underfull \hbox (badness 10000) has occurred while \output is active
 [][][][] 
 []

[2

]
Underfull \vbox (badness 10000) detected at line 177
 []


Overfull \hbox (336.25pt too wide) detected at line 177
[]
 []


Underfull \vbox (badness 10000) detected at line 177
 []


Overfull \hbox (336.25pt too wide) detected at line 177
[]
 []


Underfull \vbox (badness 10000) detected at line 177
 []


Overfull \hbox (336.25pt too wide) detected at line 177
[]
 []


Underfull \vbox (badness 10000) detected at line 177
 []


Overfull \hbox (336.25pt too wide) detected at line 177
[]
 []


Underfull \hbox (badness 10000) detected at line 177
[]
 []

(./BIcenter.toc
LaTeX Font Info:    Font shape `TU/latinmodern-math.otf(1)/m/n' will be
(Font)              scaled to size 7.7pt on input line 6.
LaTeX Font Info:    Font shape `TU/latinmodern-math.otf(1)/m/n' will be
(Font)              scaled to size 5.5pt on input line 6.
LaTeX Font Info:    Trying to load font information for OML+lmm on input line 6
.
(/usr/local/texlive/2021/texmf-dist/tex/latex/lm/omllmm.fd
File: omllmm.fd 2015/05/01 v1.6.1 Font defs for Latin Modern
)
LaTeX Font Info:    Font shape `TU/latinmodern-math.otf(2)/m/n' will be
(Font)              scaled to size 11.001pt on input line 6.
LaTeX Font Info:    Font shape `TU/latinmodern-math.otf(2)/m/n' will be
(Font)              scaled to size 7.7007pt on input line 6.
LaTeX Font Info:    Font shape `TU/latinmodern-math.otf(2)/m/n' will be
(Font)              scaled to size 5.5005pt on input line 6.
LaTeX Font Info:    Font shape `TU/latinmodern-math.otf(3)/m/n' will be
(Font)              scaled to size 10.99883pt on input line 6.
LaTeX Font Info:    Font shape `TU/latinmodern-math.otf(3)/m/n' will be
(Font)              scaled to size 7.69917pt on input line 6.
LaTeX Font Info:    Font shape `TU/latinmodern-math.otf(3)/m/n' will be
(Font)              scaled to size 5.4994pt on input line 6.
LaTeX Font Info:    Trying to load font information for U+msa on input line 6.
(/usr/local/texlive/2021/texmf-dist/tex/latex/amsfonts/umsa.fd
File: umsa.fd 2013/01/14 v3.01 AMS symbols A
) (/usr/local/texlive/2021/texmf-dist/tex/latex/microtype/mt-msa.cfg
File: mt-msa.cfg 2006/02/04 v1.1 microtype config. file: AMS symbols (a) (RS)
)
LaTeX Font Info:    Trying to load font information for U+msb on input line 6.
(/usr/local/texlive/2021/texmf-dist/tex/latex/amsfonts/umsb.fd
File: umsb.fd 2013/01/14 v3.01 AMS symbols B
) (/usr/local/texlive/2021/texmf-dist/tex/latex/microtype/mt-msb.cfg
File: mt-msb.cfg 2005/06/01 v1.0 microtype config. file: AMS symbols (b) (RS)
))
\tf@toc=\write5
\openout5 = `BIcenter.toc'.


Underfull \hbox (badness 10000) has occurred while \output is active
 [][][][] 
 []

[3]
Underfull \vbox (badness 10000) has occurred while \output is active []


Overfull \hbox (336.25pt too wide) has occurred while \output is active
[]
 []


Underfull \vbox (badness 10000) has occurred while \output is active []


Overfull \hbox (336.25pt too wide) has occurred while \output is active
[]
 []


Underfull \vbox (badness 10000) has occurred while \output is active []


Overfull \hbox (336.25pt too wide) has occurred while \output is active
[]
 []


Underfull \vbox (badness 10000) has occurred while \output is active []


Overfull \hbox (336.25pt too wide) has occurred while \output is active
[]
 []


Underfull \hbox (badness 10000) has occurred while \output is active
 [][][][] 
 []

[4

]
Underfull \vbox (badness 10000) detected at line 179
 []


Overfull \hbox (336.25pt too wide) detected at line 179
[]
 []


Underfull \vbox (badness 10000) detected at line 179
 []


Overfull \hbox (336.25pt too wide) detected at line 179
[]
 []


Underfull \vbox (badness 10000) detected at line 179
 []


Overfull \hbox (336.25pt too wide) detected at line 179
[]
 []


Underfull \vbox (badness 10000) detected at line 179
 []


Overfull \hbox (336.25pt too wide) detected at line 179
[]
 []


Underfull \hbox (badness 10000) detected at line 179
[]
 []


Package hyperref Warning: bookmark level for unknown fm defaults to 0.

(./BIcenter.lof)
\tf@lof=\write6
\openout6 = `BIcenter.lof'.


Underfull \hbox (badness 10000) has occurred while \output is active
 [][][][] 
 []

[5

]
Underfull \vbox (badness 10000) has occurred while \output is active []


Overfull \hbox (336.25pt too wide) has occurred while \output is active
[]
 []


Underfull \vbox (badness 10000) has occurred while \output is active []


Overfull \hbox (336.25pt too wide) has occurred while \output is active
[]
 []


Underfull \vbox (badness 10000) has occurred while \output is active []


Overfull \hbox (336.25pt too wide) has occurred while \output is active
[]
 []


Underfull \vbox (badness 10000) has occurred while \output is active []


Overfull \hbox (336.25pt too wide) has occurred while \output is active
[]
 []


Underfull \hbox (badness 10000) has occurred while \output is active
 [][][][] 
 []

[6

]
Underfull \vbox (badness 10000) detected at line 180
 []


Overfull \hbox (336.25pt too wide) detected at line 180
[]
 []


Underfull \vbox (badness 10000) detected at line 180
 []


Overfull \hbox (336.25pt too wide) detected at line 180
[]
 []


Underfull \vbox (badness 10000) detected at line 180
 []


Overfull \hbox (336.25pt too wide) detected at line 180
[]
 []


Underfull \vbox (badness 10000) detected at line 180
 []


Overfull \hbox (336.25pt too wide) detected at line 180
[]
 []


Underfull \hbox (badness 10000) detected at line 180
[]
 []

(./BIcenter.lot)
\tf@lot=\write7
\openout7 = `BIcenter.lot'.


Underfull \hbox (badness 10000) has occurred while \output is active
 [][][][] 
 []

[7

]
Underfull \vbox (badness 10000) has occurred while \output is active []


Overfull \hbox (336.25pt too wide) has occurred while \output is active
[]
 []


Underfull \vbox (badness 10000) has occurred while \output is active []


Overfull \hbox (336.25pt too wide) has occurred while \output is active
[]
 []


Underfull \vbox (badness 10000) has occurred while \output is active []


Overfull \hbox (336.25pt too wide) has occurred while \output is active
[]
 []


Underfull \vbox (badness 10000) has occurred while \output is active []


Overfull \hbox (336.25pt too wide) has occurred while \output is active
[]
 []


Underfull \hbox (badness 10000) has occurred while \output is active
 [][][][] 
 []

[8

]
Underfull \vbox (badness 10000) detected at line 182
 []


Overfull \hbox (336.25pt too wide) detected at line 182
[]
 []


Underfull \vbox (badness 10000) detected at line 182
 []


Overfull \hbox (336.25pt too wide) detected at line 182
[]
 []


Underfull \vbox (badness 10000) detected at line 182
 []


Overfull \hbox (336.25pt too wide) detected at line 182
[]
 []


Underfull \vbox (badness 10000) detected at line 182
 []


Overfull \hbox (336.25pt too wide) detected at line 182
[]
 []


Underfull \hbox (badness 10000) detected at line 182
[]
 []


Underfull \hbox (badness 10000) has occurred while \output is active
 [][][][] 
 []

[9

]
Underfull \vbox (badness 10000) has occurred while \output is active []


Overfull \hbox (336.25pt too wide) has occurred while \output is active
[]
 []


Underfull \vbox (badness 10000) has occurred while \output is active []


Overfull \hbox (336.25pt too wide) has occurred while \output is active
[]
 []


Underfull \vbox (badness 10000) has occurred while \output is active []


Overfull \hbox (336.25pt too wide) has occurred while \output is active
[]
 []


Underfull \vbox (badness 10000) has occurred while \output is active []


Overfull \hbox (336.25pt too wide) has occurred while \output is active
[]
 []


Underfull \hbox (badness 10000) has occurred while \output is active
 [][][][] 
 []

[10

]
Underfull \vbox (badness 10000) detected at line 188
 []


Overfull \hbox (336.25pt too wide) detected at line 188
[]
 []


Underfull \vbox (badness 10000) detected at line 188
 []


Overfull \hbox (336.25pt too wide) detected at line 188
[]
 []


Underfull \vbox (badness 10000) detected at line 188
 []


Overfull \hbox (336.25pt too wide) detected at line 188
[]
 []


Underfull \vbox (badness 10000) detected at line 188
 []


Overfull \hbox (336.25pt too wide) detected at line 188
[]
 []

Chapter 1.

Underfull \hbox (badness 10000) has occurred while \output is active
 [][][][] 
 []

[1


] [2]
Underfull \vbox (badness 10000) detected at line 217
 []


Overfull \hbox (336.25pt too wide) detected at line 217
[]
 []


Underfull \vbox (badness 10000) detected at line 217
 []


Overfull \hbox (336.25pt too wide) detected at line 217
[]
 []


Underfull \vbox (badness 10000) detected at line 217
 []


Overfull \hbox (336.25pt too wide) detected at line 217
[]
 []


Underfull \vbox (badness 10000) detected at line 217
 []


Overfull \hbox (336.25pt too wide) detected at line 217
[]
 []

Chapter 2.

Underfull \hbox (badness 10000) has occurred while \output is active
 [][][][] 
 []

[3


]
File: images/workflow.png Graphic file (type bmp)
<images/workflow.png>
File: images/architecture.png Graphic file (type bmp)
<images/architecture.png>
[4] [5]
File: images/kettle.png Graphic file (type bmp)
<images/kettle.png>
[6] [7]
Underfull \vbox (badness 10000) has occurred while \output is active []


Overfull \hbox (336.25pt too wide) has occurred while \output is active
[]
 []


Underfull \vbox (badness 10000) has occurred while \output is active []


Overfull \hbox (336.25pt too wide) has occurred while \output is active
[]
 []


Underfull \vbox (badness 10000) has occurred while \output is active []


Overfull \hbox (336.25pt too wide) has occurred while \output is active
[]
 []


Underfull \vbox (badness 10000) has occurred while \output is active []


Overfull \hbox (336.25pt too wide) has occurred while \output is active
[]
 []


Underfull \hbox (badness 10000) has occurred while \output is active
 [][][][] 
 []

[8

]
Underfull \vbox (badness 10000) detected at line 301
 []


Overfull \hbox (336.25pt too wide) detected at line 301
[]
 []


Underfull \vbox (badness 10000) detected at line 301
 []


Overfull \hbox (336.25pt too wide) detected at line 301
[]
 []


Underfull \vbox (badness 10000) detected at line 301
 []


Overfull \hbox (336.25pt too wide) detected at line 301
[]
 []


Underfull \vbox (badness 10000) detected at line 301
 []


Overfull \hbox (336.25pt too wide) detected at line 301
[]
 []

Chapter 3.
File: images/login.png Graphic file (type bmp)
<images/login.png>
File: images/home.png Graphic file (type bmp)
<images/home.png>
File: images/newInstitution.png Graphic file (type bmp)
<images/newInstitution.png>

Underfull \hbox (badness 10000) has occurred while \output is active
 [][][][] 
 []

[9

]
File: images/newDataSource1.png Graphic file (type bmp)
<images/newDataSource1.png>
File: images/newDataSource2.png Graphic file (type bmp)
<images/newDataSource2.png>
File: images/newServer1.png Graphic file (type bmp)
<images/newServer1.png>
File: images/newServer2.png Graphic file (type bmp)
<images/newServer2.png>
[10] [11]
File: images/newTask.png Graphic file (type bmp)
<images/newTask.png>
File: images/editor.png Graphic file (type bmp)
<images/editor.png>
[12]
File: images/example.png Graphic file (type bmp)
<images/example.png>
[13]
File: images/componentsOverview.png Graphic file (type bmp)
<images/componentsOverview.png>
[14]
File: images/navBarMenus.png Graphic file (type bmp)
<images/navBarMenus.png>
[15]
Underfull \vbox (badness 10000) has occurred while \output is active []


Overfull \hbox (336.25pt too wide) has occurred while \output is active
[]
 []


Underfull \vbox (badness 10000) has occurred while \output is active []


Overfull \hbox (336.25pt too wide) has occurred while \output is active
[]
 []


Underfull \vbox (badness 10000) has occurred while \output is active []


Overfull \hbox (336.25pt too wide) has occurred while \output is active
[]
 []


Underfull \vbox (badness 10000) has occurred while \output is active []


Overfull \hbox (336.25pt too wide) has occurred while \output is active
[]
 []


Underfull \hbox (badness 10000) has occurred while \output is active
 [][][][] 
 []

[16

]
Underfull \vbox (badness 10000) detected at line 405
 []


Overfull \hbox (336.25pt too wide) detected at line 405
[]
 []


Underfull \vbox (badness 10000) detected at line 405
 []


Overfull \hbox (336.25pt too wide) detected at line 405
[]
 []


Underfull \vbox (badness 10000) detected at line 405
 []


Overfull \hbox (336.25pt too wide) detected at line 405
[]
 []


Underfull \vbox (badness 10000) detected at line 405
 []


Overfull \hbox (336.25pt too wide) detected at line 405
[]
 []

Chapter 4.

Overfull \hbox (8.38297pt too wide) in paragraph at lines 425--426
[]\TU/lmr/m/n/11 Category  
 []


Underfull \hbox (badness 10000) has occurred while \output is active
 [][][][] 
 []

[17

]
Underfull \hbox (badness 10000) detected at line 457
 [][]
 []


Underfull \hbox (badness 10000) detected at line 457
[][][]
 []


Underfull \hbox (badness 10000) detected at line 459
 [][]
 []


Underfull \hbox (badness 10000) detected at line 459
[][][]
 []


Underfull \hbox (badness 10000) in paragraph at lines 466--467
[]\TU/lmtt/m/n/11 app \TU/lmr/m/n/11 > \TU/lmtt/m/n/11 controllers \TU/lmr/m/n/
11 > \TU/lmtt/m/n/11 Application.java \TU/lmr/m/n/11 >
 []


Underfull \hbox (badness 10000) detected at line 475
 [][]
 []


Underfull \hbox (badness 10000) detected at line 475
[][][]
 []


Underfull \hbox (badness 10000) detected at line 477
 [][]
 []


Underfull \hbox (badness 10000) detected at line 477
[][][]
 []

[18]
LaTeX Font Info:    Font shape `TU/lmtt/bx/n' in size <11> not available
(Font)              Font shape `TU/lmtt/b/n' tried instead on input line 492.

Underfull \hbox (badness 10000) detected at line 528
 [][]
 []


Underfull \hbox (badness 10000) detected at line 528
[][][]
 []


Underfull \hbox (badness 10000) in paragraph at lines 528--529
[]\TU/lmtt/m/n/11 app \TU/lmr/m/n/11 > \TU/lmtt/m/n/11 controllers \TU/lmr/m/n/
11 > \TU/lmtt/m/n/11 Application.java \TU/lmr/m/n/11 >
 []

[19] [20]
Underfull \hbox (badness 10000) detected at line 593
 [][]
 []


Underfull \hbox (badness 10000) detected at line 593
[][][]
 []


Underfull \hbox (badness 10000) detected at line 595
 [][]
 []


Underfull \hbox (badness 10000) detected at line 595
[][][]
 []


Underfull \hbox (badness 2538) in paragraph at lines 595--597
[]\TU/lmr/m/n/11 At \TU/lmtt/m/n/11 app \TU/lmr/m/n/11 > \TU/lmtt/m/n/11 assets
 \TU/lmr/m/n/11 > \TU/lmtt/m/n/11 templates\TU/lmr/m/n/11 , create a file named

 []


Underfull \hbox (badness 10000) detected at line 597
 [][]
 []


Underfull \hbox (badness 10000) detected at line 597
[][][]
 []


Underfull \hbox (badness 10000) detected at line 599
 [][]
 []


Underfull \hbox (badness 10000) detected at line 599
[][][]
 []

[21]
Underfull \vbox (badness 10000) detected at line 682
 []

[22]
Underfull \hbox (badness 1194) in paragraph at lines 686--687
[]\TU/lmr/m/n/11 So, to create the endpoint you add a new controller at \TU/lmt
t/m/n/11 app \TU/lmr/m/n/11 >
 []

[23]
Underfull \hbox (badness 10000) detected at line 717
 [][]
 []


Underfull \hbox (badness 10000) detected at line 717
[][][]
 []


Underfull \hbox (badness 10000) in paragraph at lines 717--718
[]\TU/lmtt/m/n/11 app \TU/lmr/m/n/11 > \TU/lmtt/m/n/11 controllers \TU/lmr/m/n/
11 > \TU/lmtt/m/n/11 Application.java \TU/lmr/m/n/11 >
 []

[24]
Underfull \vbox (badness 1803) detected at line 799
 []

[25]
Underfull \vbox (badness 4429) detected at line 858
 []

[26]
Underfull \vbox (badness 2486) detected at line 884
 []

[27] [28]
LaTeX Font Info:    Font shape `TU/latinmodern-math.otf(1)/m/n' will be
(Font)              scaled to size 9.0pt on input line 926.
LaTeX Font Info:    Font shape `TU/latinmodern-math.otf(1)/m/n' will be
(Font)              scaled to size 6.0pt on input line 926.
LaTeX Font Info:    Font shape `TU/latinmodern-math.otf(1)/m/n' will be
(Font)              scaled to size 5.0pt on input line 926.
LaTeX Font Info:    Font shape `TU/latinmodern-math.otf(2)/m/n' will be
(Font)              scaled to size 9.00082pt on input line 926.
LaTeX Font Info:    Font shape `TU/latinmodern-math.otf(2)/m/n' will be
(Font)              scaled to size 6.00055pt on input line 926.
LaTeX Font Info:    Font shape `TU/latinmodern-math.otf(2)/m/n' will be
(Font)              scaled to size 5.00046pt on input line 926.
LaTeX Font Info:    Font shape `TU/latinmodern-math.otf(3)/m/n' will be
(Font)              scaled to size 8.99904pt on input line 926.
LaTeX Font Info:    Font shape `TU/latinmodern-math.otf(3)/m/n' will be
(Font)              scaled to size 5.99936pt on input line 926.
LaTeX Font Info:    Font shape `TU/latinmodern-math.otf(3)/m/n' will be
(Font)              scaled to size 4.99947pt on input line 926.

Underfull \hbox (badness 10000) detected at line 934
 [][]
 []


Underfull \hbox (badness 10000) detected at line 934
[][][]
 []


Underfull \hbox (badness 10000) in paragraph at lines 934--936
[]\TU/lmr/m/n/11 Register the new step on the \TU/lmtt/m/n/11 public > editor >

 []


Underfull \hbox (badness 10000) detected at line 936
 [][]
 []


Underfull \hbox (badness 10000) detected at line 936
[][][]
 []


Underfull \hbox (badness 10000) detected at line 938
 [][]
 []


Underfull \hbox (badness 10000) detected at line 938
[][][]
 []


Underfull \hbox (badness 1803) in paragraph at lines 938--940
[]\TU/lmr/m/n/11 If necessary, add extra functionality to the \TU/lmr/m/it/11 s
ubmitClick
 []


Underfull \hbox (badness 5787) in paragraph at lines 938--940
\TU/lmr/m/n/11 method on the \TU/lmtt/m/n/11 app > assets > javascripts > step 
>
 []


Underfull \hbox (badness 10000) detected at line 940
 [][]
 []


Underfull \hbox (badness 10000) detected at line 940
[][][]
 []


Underfull \hbox (badness 10000) detected at line 942
 [][]
 []


Underfull \hbox (badness 10000) detected at line 942
[][][]
 []


Underfull \hbox (badness 10000) detected at line 954
 [][]
 []


Underfull \hbox (badness 10000) detected at line 954
[][][]
 []

[29]
Overfull \hbox (167.68498pt too wide) in paragraph at lines 959--959
[]\TU/lmtt/m/n/11 <add as="CSV File Input" template="CSVInput" icon="/assets/im
ages/editor/rectangle.gif"/>[] 
 []


Underfull \hbox (badness 10000) detected at line 966
 [][]
 []


Underfull \hbox (badness 10000) detected at line 966
[][][]
 []

[30]
Underfull \hbox (badness 10000) detected at line 1029
 [][]
 []


Underfull \hbox (badness 10000) detected at line 1029
[][][]
 []


Underfull \hbox (badness 10000) detected at line 1031
 [][]
 []


Underfull \hbox (badness 10000) detected at line 1031
[][][]
 []

[31]
Overfull \hbox (167.68494pt too wide) in paragraph at lines 1053--1053
[]    \TU/lmtt/m/n/11 public void decode(StepMetaInterface stepMetaInterface, S
tep step) throws Exception {[] 
 []


Overfull \hbox (122.36494pt too wide) in paragraph at lines 1053--1053
[]    \TU/lmtt/m/n/11 public Element encode(StepMetaInterface stepMetaInterface
) throws Exception {[] 
 []


Underfull \hbox (badness 10000) detected at line 1060
 [][]
 []


Underfull \hbox (badness 10000) detected at line 1060
[][][]
 []


Underfull \hbox (badness 2142) in paragraph at lines 1060--1061
\TU/lmr/m/n/11 fields automatically without the users having to manu-
 []


Underfull \hbox (badness 2261) in paragraph at lines 1060--1061
\TU/lmr/m/n/11 ally introduce them themselves, we have to add some
 []


Overfull \hbox (48.71994pt too wide) in paragraph at lines 1109--1109
[]\TU/lmtt/m/n/11 // If dealing with CSVFileInput get the input fields and defi
ne them[] 
 []


Overfull \hbox (14.72983pt too wide) in paragraph at lines 1109--1109
[]                        \TU/lmtt/m/n/11 if (shortName.equals("InputFields")) 
{[] 
 []


Overfull \hbox (235.66476pt too wide) in paragraph at lines 1109--1109
[]                                \TU/lmtt/m/n/11 Optional<StepProperty> fileNa
meStepProperty = stepProperties.stream()[] 
 []


Overfull \hbox (479.25972pt too wide) in paragraph at lines 1109--1109
[]                                        \TU/lmtt/m/n/11 .filter(stepProperty 
-> stepProperty.getComponentProperty().getShortName().equalsIgnoreCase("Filenam
e"))[] 
 []


Overfull \hbox (60.04977pt too wide) in paragraph at lines 1109--1109
[]                                \TU/lmtt/m/n/11 if (!fileNameStepProperty.isP
resent())[] 
 []


Overfull \hbox (122.36478pt too wide) in paragraph at lines 1109--1109
[]                                \TU/lmtt/m/n/11 fileName = fileNameStepProper
ty.get().getValue();[] 
 []

[32]
Overfull \hbox (241.32976pt too wide) in paragraph at lines 1109--1109
[]                                \TU/lmtt/m/n/11 Optional<StepProperty> delimi
terStepProperty = stepProperties.stream()[] 
 []


Overfull \hbox (484.9247pt too wide) in paragraph at lines 1109--1109
[]                                        \TU/lmtt/m/n/11 .filter(stepProperty 
-> stepProperty.getComponentProperty().getShortName().equalsIgnoreCase("Delimit
er"))[] 
 []


Overfull \hbox (65.71478pt too wide) in paragraph at lines 1109--1109
[]                                \TU/lmtt/m/n/11 if (!delimiterStepProperty.is
Present())[] 
 []


Overfull \hbox (133.69476pt too wide) in paragraph at lines 1109--1109
[]                                \TU/lmtt/m/n/11 delimiter = delimiterStepProp
erty.get().getValue();[] 
 []


Overfull \hbox (213.00475pt too wide) in paragraph at lines 1109--1109
[]                                \TU/lmtt/m/n/11 BufferedReader br = new Buffe
redReader(new FileReader(fileName));[] 
 []


Overfull \hbox (14.72977pt too wide) in paragraph at lines 1109--1109
[]                                \TU/lmtt/m/n/11 String header = br.readLine()
;[] 
 []


Overfull \hbox (26.05977pt too wide) in paragraph at lines 1109--1109
[]                                \TU/lmtt/m/n/11 String[] fields = new String[
0];[] 
 []


Overfull \hbox (54.38475pt too wide) in paragraph at lines 1109--1109
[]                                    \TU/lmtt/m/n/11 fields = header.split(del
imiter);[] 
 []


Overfull \hbox (224.33475pt too wide) in paragraph at lines 1109--1109
[]                                \TU/lmtt/m/n/11 TextFileInputField[] value = 
new TextFileInputField[fields.length];[] 
 []


Overfull \hbox (77.0447pt too wide) in paragraph at lines 1109--1109
[]                                \TU/lmtt/m/n/11 for (int i = 0; i < fields.le
ngth; i++) {[] 
 []


Overfull \hbox (9.06474pt too wide) in paragraph at lines 1109--1109
[]                                    \TU/lmtt/m/n/11 String field = fields[i];
[] 
 []


Overfull \hbox (71.37973pt too wide) in paragraph at lines 1109--1109
[]                                    \TU/lmtt/m/n/11 value[i] = new TextFileIn
putField();[] 
 []


Overfull \hbox (3.39977pt too wide) in paragraph at lines 1109--1109
[]                                    \TU/lmtt/m/n/11 value[i].setName(field);[
] 
 []


Overfull \hbox (14.72975pt too wide) in paragraph at lines 1109--1109
[]                                    \TU/lmtt/m/n/11 System.out.println(field)
;[] 
 []


Overfull \hbox (167.68475pt too wide) in paragraph at lines 1109--1109
[]                                \TU/lmtt/m/n/11 // Invoke the current method 
with the StepProperty value.[] 
 []


Overfull \hbox (173.34975pt too wide) in paragraph at lines 1109--1109
[]                                \TU/lmtt/m/n/11 invokeMethod(stepMetaInterfac
e, method, value, databases);[] 
 []


Overfull \hbox (20.39478pt too wide) in paragraph at lines 1109--1109
[]                            \TU/lmtt/m/n/11 } catch (FileNotFoundException e)
 {[] 
 []

No file BIcenter.bbl.
(./BIcenter.ind) [33] (./BIcenter.aux)

LaTeX Warning: There were multiply-defined labels.

 ) 
Here is how much of TeX's memory you used:
 20694 strings out of 476919
 366131 string characters out of 5821840
 871966 words of memory out of 5000000
 40346 multiletter control sequences out of 15000+600000
 409950 words of font info for 88 fonts, out of 8000000 for 9000
 1348 hyphenation exceptions out of 8191
 98i,8n,122p,1250b,618s stack positions out of 5000i,500n,10000p,200000b,80000s

Output written on BIcenter.pdf (43 pages).
