2018-03-25 21:15:52,264 [INFO] from application in play-dev-mode-akka.actor.default-dispatcher-9 - Creating Pool for datasource 'default'
2018-03-25 21:15:53,389 [INFO] from play.api.db.HikariCPConnectionPool in play-dev-mode-akka.actor.default-dispatcher-9 - datasource [default] bound to JNDI as DefaultDS
2018-03-25 21:15:53,404 [INFO] from play.api.db.DefaultDBApi in play-dev-mode-akka.actor.default-dispatcher-9 - Database [default] connected at jdbc:mysql://mysql/teste?useSSL=false
2018-03-25 21:16:47,985 [INFO] from application in play-dev-mode-akka.actor.default-dispatcher-9 - Building Step Configurations.
2018-03-25 21:16:50,065 [INFO] from application in play-dev-mode-akka.actor.default-dispatcher-9 - Building RBAC.
2018-03-25 21:16:50,612 [INFO] from application in play-dev-mode-akka.actor.default-dispatcher-9 - Building Auth.
2018-03-25 21:16:50,672 [INFO] from application in play-dev-mode-akka.actor.default-dispatcher-9 - Building Institutions.
2018-03-25 21:16:50,733 [INFO] from application in play-dev-mode-akka.actor.default-dispatcher-9 - Setting up Kettle environment.
2018-03-25 21:16:54,873 [INFO] from play.api.http.EnabledFilters in play-dev-mode-akka.actor.default-dispatcher-9 - Enabled Filters (see <https://www.playframework.com/documentation/latest/Filters>):

    filters.ExampleFilter

2018-03-25 21:16:54,880 [INFO] from play.api.Play in play-dev-mode-akka.actor.default-dispatcher-9 - Application started (Dev)
2018-03-25 21:17:22,963 [INFO] from application in play-dev-mode-akka.actor.default-dispatcher-7 - Shutting down connection pool.
2018-03-25 21:17:23,823 [INFO] from application in play-dev-mode-akka.actor.default-dispatcher-7 - Creating Pool for datasource 'default'
2018-03-25 21:17:24,932 [INFO] from play.api.db.HikariCPConnectionPool in play-dev-mode-akka.actor.default-dispatcher-7 - datasource [default] bound to JNDI as DefaultDS
2018-03-25 21:17:24,932 [INFO] from play.api.db.DefaultDBApi in play-dev-mode-akka.actor.default-dispatcher-7 - Database [default] connected at jdbc:mysql://mysql/teste?useSSL=false
2018-03-25 21:17:28,726 [INFO] from application in play-dev-mode-akka.actor.default-dispatcher-7 - Building Step Configurations.
2018-03-25 21:17:28,787 [INFO] from application in play-dev-mode-akka.actor.default-dispatcher-7 - Setting up Kettle environment.
2018-03-25 21:17:28,790 [INFO] from application in play-dev-mode-akka.actor.default-dispatcher-7 - The Properties systems settings are already initialised!
2018-03-25 21:17:29,059 [INFO] from play.api.http.EnabledFilters in play-dev-mode-akka.actor.default-dispatcher-7 - Enabled Filters (see <https://www.playframework.com/documentation/latest/Filters>):

    filters.ExampleFilter

2018-03-25 21:17:29,060 [INFO] from play.api.Play in play-dev-mode-akka.actor.default-dispatcher-7 - Application started (Dev)
2018-03-25 21:17:55,012 [DEBUG] from application in application-akka.actor.default-dispatcher-6 - Trying to authenticate via LDAP (bmd-software.com)
2018-03-25 21:17:59,774 [INFO] from application in application-akka.actor.default-dispatcher-6 - fullDN: cn=Leonardo Coelho,ou=users,dc=bmd-software,dc=com
2018-03-25 21:18:00,240 [ERROR] from application in application-akka.actor.default-dispatcher-6 - Error in LDAP/AD
javax.naming.AuthenticationException: [LDAP: error code 49 - Invalid Credentials]
	at com.sun.jndi.ldap.LdapCtx.mapErrorCode(LdapCtx.java:3154)
	at com.sun.jndi.ldap.LdapCtx.processReturnCode(LdapCtx.java:3100)
	at com.sun.jndi.ldap.LdapCtx.processReturnCode(LdapCtx.java:2886)
	at com.sun.jndi.ldap.LdapCtx.connect(LdapCtx.java:2800)
	at com.sun.jndi.ldap.LdapCtx.<init>(LdapCtx.java:319)
	at com.sun.jndi.ldap.LdapCtxFactory.getUsingURL(LdapCtxFactory.java:192)
	at com.sun.jndi.ldap.LdapCtxFactory.getUsingURLs(LdapCtxFactory.java:210)
	at com.sun.jndi.ldap.LdapCtxFactory.getLdapCtxInstance(LdapCtxFactory.java:153)
	at com.sun.jndi.ldap.LdapCtxFactory.getInitialContext(LdapCtxFactory.java:83)
	at javax.naming.spi.NamingManager.getInitialContext(NamingManager.java:684)
	at javax.naming.InitialContext.getDefaultInitCtx(InitialContext.java:313)
	at javax.naming.InitialContext.init(InitialContext.java:244)
	at javax.naming.InitialContext.<init>(InitialContext.java:216)
	at javax.naming.directory.InitialDirContext.<init>(InitialDirContext.java:101)
	at services.authentication.AuthenticationService.authenticateLDAP(AuthenticationService.java:183)
	at services.authentication.AuthenticationService.authenticate(AuthenticationService.java:114)
	at controllers.login.Login.login(Login.java:79)
	at router.Routes$$anonfun$routes$1.$anonfun$applyOrElse$12(Routes.scala:1489)
	at play.core.routing.HandlerInvokerFactory$$anon$3.resultCall(HandlerInvoker.scala:134)
	at play.core.routing.HandlerInvokerFactory$$anon$3.resultCall(HandlerInvoker.scala:133)
	at play.core.routing.HandlerInvokerFactory$JavaActionInvokerFactory$$anon$8$$anon$2$$anon$1.invocation(HandlerInvoker.scala:108)
	at play.core.j.JavaAction$$anon$1.call(JavaAction.scala:76)
	at play.http.DefaultActionCreator$1.call(DefaultActionCreator.java:31)
	at play.core.j.JavaAction.$anonfun$apply$2(JavaAction.scala:111)
	at scala.concurrent.Future$.$anonfun$apply$1(Future.scala:653)
	at scala.util.Success.$anonfun$map$1(Try.scala:251)
	at scala.util.Success.map(Try.scala:209)
	at scala.concurrent.Future.$anonfun$map$1(Future.scala:287)
	at scala.concurrent.impl.Promise.liftedTree1$1(Promise.scala:29)
	at scala.concurrent.impl.Promise.$anonfun$transform$1(Promise.scala:29)
	at scala.concurrent.impl.CallbackRunnable.run(Promise.scala:60)
	at play.core.j.HttpExecutionContext$$anon$2.run(HttpExecutionContext.scala:56)
	at play.api.libs.streams.Execution$trampoline$.execute(Execution.scala:70)
	at play.core.j.HttpExecutionContext.execute(HttpExecutionContext.scala:48)
	at scala.concurrent.impl.CallbackRunnable.executeWithValue(Promise.scala:68)
	at scala.concurrent.impl.Promise$KeptPromise$Kept.onComplete(Promise.scala:368)
	at scala.concurrent.impl.Promise$KeptPromise$Kept.onComplete$(Promise.scala:367)
	at scala.concurrent.impl.Promise$KeptPromise$Successful.onComplete(Promise.scala:375)
	at scala.concurrent.impl.Promise.transform(Promise.scala:29)
	at scala.concurrent.impl.Promise.transform$(Promise.scala:27)
	at scala.concurrent.impl.Promise$KeptPromise$Successful.transform(Promise.scala:375)
	at scala.concurrent.Future.map(Future.scala:287)
	at scala.concurrent.Future.map$(Future.scala:287)
	at scala.concurrent.impl.Promise$KeptPromise$Successful.map(Promise.scala:375)
	at scala.concurrent.Future$.apply(Future.scala:653)
	at play.core.j.JavaAction.apply(JavaAction.scala:111)
	at play.api.mvc.Action.$anonfun$apply$2(Action.scala:96)
	at scala.concurrent.Future.$anonfun$flatMap$1(Future.scala:302)
	at scala.concurrent.impl.Promise.$anonfun$transformWith$1(Promise.scala:37)
	at scala.concurrent.impl.CallbackRunnable.run(Promise.scala:60)
	at akka.dispatch.BatchingExecutor$AbstractBatch.processBatch(BatchingExecutor.scala:55)
	at akka.dispatch.BatchingExecutor$BlockableBatch.$anonfun$run$1(BatchingExecutor.scala:91)
	at scala.runtime.java8.JFunction0$mcV$sp.apply(JFunction0$mcV$sp.java:12)
	at scala.concurrent.BlockContext$.withBlockContext(BlockContext.scala:81)
	at akka.dispatch.BatchingExecutor$BlockableBatch.run(BatchingExecutor.scala:91)
	at akka.dispatch.TaskInvocation.run(AbstractDispatcher.scala:40)
	at akka.dispatch.ForkJoinExecutorConfigurator$AkkaForkJoinTask.exec(ForkJoinExecutorConfigurator.scala:43)
	at akka.dispatch.forkjoin.ForkJoinTask.doExec(ForkJoinTask.java:260)
	at akka.dispatch.forkjoin.ForkJoinPool$WorkQueue.runTask(ForkJoinPool.java:1339)
	at akka.dispatch.forkjoin.ForkJoinPool.runWorker(ForkJoinPool.java:1979)
	at akka.dispatch.forkjoin.ForkJoinWorkerThread.run(ForkJoinWorkerThread.java:107)
2018-03-25 21:18:08,754 [DEBUG] from application in application-akka.actor.default-dispatcher-8 - Trying to authenticate via LDAP (bmd-software.com)
2018-03-25 21:18:09,396 [INFO] from application in application-akka.actor.default-dispatcher-8 - fullDN: cn=Leonardo Coelho,ou=users,dc=bmd-software,dc=com
2018-03-25 21:18:09,925 [INFO] from application in application-akka.actor.default-dispatcher-8 - mail: leonardo.coelho@ua.pt
2018-03-25 21:18:09,926 [DEBUG] from application in application-akka.actor.default-dispatcher-8 - LDAP: Authenticated: Leonardo Coelho (leonardo.coelho@ua.pt)
